Tue Feb  7 08:27:06 GMT 2023: Ran Task 1
Tue Feb  7 08:27:12 GMT 2023: Exited program
Wed Feb  8 07:40:10 GMT 2023: Exited program
Wed Feb  8 08:12:03 GMT 2023: Ran Task 1
Wed Feb  8 08:17:26 GMT 2023: Task: Details Collection, Step 1, Answer: yes
Wed Feb  8 08:17:29 GMT 2023: Task: Details Collection, Step 2, Answer: yes
Wed Feb  8 08:17:29 GMT 2023: Ran Task 1
Wed Feb  8 09:02:38 GMT 2023: Task: Details Collection, Step 1, Answer: yes
Wed Feb  8 09:02:44 GMT 2023: Task: Details Collection, Step 2, Answer: no
Wed Feb  8 09:02:48 GMT 2023: Task: Details Collection, Step 1, Answer: yes
Wed Feb  8 09:02:51 GMT 2023: Task: Details Collection, Step 2, Answer: no
Wed Feb  8 09:02:53 GMT 2023: Task: Details Collection, Step 1, Answer: yes
Wed Feb  8 09:02:54 GMT 2023: Task: Details Collection, Step 2, Answer: yes
Wed Feb  8 09:02:54 GMT 2023: Ran Task 1
Wed Feb  8 09:17:02 GMT 2023: Task: Details Collection, Step 1, Answer: yes
Wed Feb  8 09:17:10 GMT 2023: Task: Details Collection, Step 1, Answer: yes
Wed Feb  8 09:19:06 GMT 2023: Task: Details Collection, Step 1, Answer: yes
Wed Feb  8 09:19:10 GMT 2023: Task: Details Collection, Step 1, Answer: yes
Wed Feb  8 09:58:15 GMT 2023: Task: Details Collection, Step 1, Answer: yes
Wed Feb  8 09:58:18 GMT 2023: Task: Details Collection, Step 1, Answer: yes
Wed Feb  8 09:58:56 GMT 2023: Task: Details Collection, Step 1, Answer: yes
Wed Feb  8 09:59:01 GMT 2023: Task: Details Collection, Step 1, Answer: yes
Wed Feb  8 10:01:53 GMT 2023: Ran Task 1
Wed Feb  8 10:02:15 GMT 2023: Ran Task 1
Wed Feb  8 10:04:46 GMT 2023: Ran Task 1
Wed Feb  8 10:05:13 GMT 2023: Ran Task 1
Wed Feb  8 10:06:15 GMT 2023: Ran Task 1
Wed Feb  8 10:07:02 GMT 2023: Task: Details Collection, Step 1, Answer: yes
Wed Feb  8 10:07:07 GMT 2023: Task: Details Collection, Step 2, Answer: yes
Wed Feb  8 10:07:07 GMT 2023: Ran Task 1
Wed Feb  8 10:07:14 GMT 2023: Exited program
Wed Feb  8 10:11:54 GMT 2023: Task: Details Collection, Step 1, Answer: yes
Wed Feb  8 10:11:55 GMT 2023: Task: Details Collection, Step 2, Answer: yes
Wed Feb  8 10:14:01 GMT 2023: Task: Details Collection, Step 1, Answer: yes
Wed Feb  8 10:14:02 GMT 2023: Task: Details Collection, Step 2, Answer: yes
